Using pre-set license
Built from '2020.3/staging' branch; Version is '2020.3.16f1 (049d6eca3c44) revision 302446'; Using compiler version '192528614'; Build Type 'Release'
OS: 'Windows 10 Home; OS build 19043.1237; Version 2009; 64bit' Language: 'en' Physical Memory: 16072 MB
BatchMode: 1, IsHumanControllingUs: 0, StartBugReporterOnCrash: 0, Is64bit: 1, IsPro: 0

 COMMAND LINE ARGUMENTS:
C:\Program Files\Unity\Hub\Editor\2020.3.16f1\Editor\Unity.exe
-adb2
-batchMode
-noUpm
-name
AssetImportWorker0
-projectPath
C:/Users/Sovie/Desktop/tutorial 1.5
-logFile
Logs/AssetImportWorker0.log
-srvPort
55477
Successfully changed project path to: C:/Users/Sovie/Desktop/tutorial 1.5
C:/Users/Sovie/Desktop/tutorial 1.5
Using Asset Import Pipeline V2.
Refreshing native plugins compatible for Editor in 40.25 ms, found 3 plugins.
Preloading 0 native plugins for Editor in 0.00 ms.
Initialize engine version: 2020.3.16f1 (049d6eca3c44)
[Subsystems] Discovering subsystems at path C:/Program Files/Unity/Hub/Editor/2020.3.16f1/Editor/Data/Resources/UnitySubsystems
[Subsystems] Discovering subsystems at path C:/Users/Sovie/Desktop/tutorial 1.5/Assets
GfxDevice: creating device client; threaded=0
Direct3D:
    Version:  Direct3D 11.0 [level 11.1]
    Renderer: Intel(R) Iris(R) Plus Graphics (ID=0x8a52)
    Vendor:   
    VRAM:     8036 MB
    Driver:   27.20.100.8853
Initialize mono
Mono path[0] = 'C:/Program Files/Unity/Hub/Editor/2020.3.16f1/Editor/Data/Managed'
Mono path[1] = 'C:/Program Files/Unity/Hub/Editor/2020.3.16f1/Editor/Data/MonoBleedingEdge/lib/mono/unityjit'
Mono config path = 'C:/Program Files/Unity/Hub/Editor/2020.3.16f1/Editor/Data/MonoBleedingEdge/etc'
Using monoOptions --debugger-agent=transport=dt_socket,embedding=1,server=y,suspend=n,address=127.0.0.1:56944
Begin MonoManager ReloadAssembly
Registering precompiled unity dll's ...
Register platform support module: C:/Program Files/Unity/Hub/Editor/2020.3.16f1/Editor/Data/PlaybackEngines/WebGLSupport/UnityEditor.WebGL.Extensions.dll
Register platform support module: C:/Program Files/Unity/Hub/Editor/2020.3.16f1/Editor/Data/PlaybackEngines/WindowsStandaloneSupport/UnityEditor.WindowsStandalone.Extensions.dll
Registered in 0.002243 seconds.
Native extension for WindowsStandalone target not found
Native extension for WebGL target not found
Refreshing native plugins compatible for Editor in 45.86 ms, found 3 plugins.
Preloading 0 native plugins for Editor in 0.00 ms.
Mono: successfully reloaded assembly
- Completed reload, in  1.204 seconds
Domain Reload Profiling:
	ReloadAssembly (1204ms)
		BeginReloadAssembly (57ms)
			ExecutionOrderSort (0ms)
			DisableScriptedObjects (0ms)
			BackupInstance (0ms)
			ReleaseScriptingObjects (0ms)
			CreateAndSetChildDomain (1ms)
		EndReloadAssembly (413ms)
			LoadAssemblies (54ms)
			RebuildTransferFunctionScriptingTraits (0ms)
			SetupTypeCache (123ms)
			ReleaseScriptCaches (0ms)
			RebuildScriptCaches (32ms)
			SetupLoadedEditorAssemblies (186ms)
				LogAssemblyErrors (0ms)
				InitializePlatformSupportModulesInManaged (6ms)
				SetLoadedEditorAssemblies (0ms)
				RefreshPlugins (46ms)
				BeforeProcessingInitializeOnLoad (9ms)
				ProcessInitializeOnLoadAttributes (95ms)
				ProcessInitializeOnLoadMethodAttributes (30ms)
				AfterProcessingInitializeOnLoad (0ms)
				EditorAssembliesLoaded (0ms)
			ExecutionOrderSort2 (0ms)
			AwakeInstancesAfterBackupRestoration (0ms)
Platform modules already initialized, skipping
Registering precompiled user dll's ...
Registered in 0.005812 seconds.
Begin MonoManager ReloadAssembly
Native extension for WindowsStandalone target not found
Native extension for WebGL target not found
Refreshing native plugins compatible for Editor in 35.92 ms, found 3 plugins.
Preloading 0 native plugins for Editor in 0.00 ms.
Mono: successfully reloaded assembly
- Completed reload, in  1.171 seconds
Domain Reload Profiling:
	ReloadAssembly (1172ms)
		BeginReloadAssembly (141ms)
			ExecutionOrderSort (0ms)
			DisableScriptedObjects (3ms)
			BackupInstance (0ms)
			ReleaseScriptingObjects (0ms)
			CreateAndSetChildDomain (20ms)
		EndReloadAssembly (954ms)
			LoadAssemblies (107ms)
			RebuildTransferFunctionScriptingTraits (0ms)
			SetupTypeCache (284ms)
			ReleaseScriptCaches (0ms)
			RebuildScriptCaches (48ms)
			SetupLoadedEditorAssemblies (413ms)
				LogAssemblyErrors (0ms)
				InitializePlatformSupportModulesInManaged (4ms)
				SetLoadedEditorAssemblies (0ms)
				RefreshPlugins (36ms)
				BeforeProcessingInitializeOnLoad (69ms)
				ProcessInitializeOnLoadAttributes (283ms)
				ProcessInitializeOnLoadMethodAttributes (11ms)
				AfterProcessingInitializeOnLoad (9ms)
				EditorAssembliesLoaded (0ms)
			ExecutionOrderSort2 (0ms)
			AwakeInstancesAfterBackupRestoration (7ms)
Platform modules already initialized, skipping
========================================================================
Worker process is ready to serve import requests
Launched and connected shader compiler UnityShaderCompiler.exe after 0.06 seconds
Refreshing native plugins compatible for Editor in 0.35 ms, found 3 plugins.
Preloading 0 native plugins for Editor in 0.00 ms.
Unloading 2092 Unused Serialized files (Serialized files now loaded: 0)
System memory in use before: 93.0 MB.
System memory in use after: 93.1 MB.

Unloading 28 unused Assets to reduce memory usage. Loaded Objects now: 2529.
Total: 3.668900 ms (FindLiveObjects: 0.543000 ms CreateObjectMapping: 0.227200 ms MarkObjects: 2.771200 ms  DeleteObjects: 0.125800 ms)

AssetImportParameters requested are different than current active one (requested -> active):
  custom:framework-win-MediaFoundation: 216162199b28c13a410421893ffa2e32 -> 
  custom:video-decoder-ogg-theora: a1e56fd34408186e4bbccfd4996cb3dc -> 
  custom:container-muxer-webm: aa71ff27fc2769a1b78a27578f13a17b -> 
  custom:container-demuxer-webm: 4f35f7cbe854078d1ac9338744f61a02 -> 
  custom:container-demuxer-ogg: 62fdf1f143b41e24485cea50d1cbac27 -> 
  custom:video-encoder-webm-vp8: eb34c28f22e8b96e1ab97ce403110664 -> 
  custom:video-decoder-webm-vp8: 9c59270c3fd7afecdb556c50c9e8de78 -> 
  custom:audio-decoder-ogg-vorbis: bf7c407c2cedff20999df2af8eb42d56 -> 
  custom:audio-encoder-webm-vorbis: bf7c407c2cedff20999df2af8eb42d56 -> 
========================================================================
Received Import Request.
  path: Assets
  artifactKey: Guid(00000000000000001000000000000000) Importer(815301076,1909f56bfc062723c751e8b465ee728b)
Start importing Assets using Guid(00000000000000001000000000000000) Importer(815301076,1909f56bfc062723c751e8b465ee728b)  -> (artifact id: '42d402b061de3733987d63b9cc3b64de') in 0.011742 seconds 
  Import took 0.054586 seconds .

========================================================================
Received Import Request.
  Time since last request: 3.386047 seconds.
  path: Assets/Animations
  artifactKey: Guid(4843c1d7bce8c514fa92368a848bda38) Importer(815301076,1909f56bfc062723c751e8b465ee728b)
Start importing Assets/Animations using Guid(4843c1d7bce8c514fa92368a848bda38) Importer(815301076,1909f56bfc062723c751e8b465ee728b)  -> (artifact id: 'af29b7e12812294759fab0e44378f6bd') in 0.012131 seconds 
  Import took 0.016971 seconds .

========================================================================
Received Import Request.
  Time since last request: 13.874835 seconds.
  path: Assets/Sprites
  artifactKey: Guid(8c813cd51d6297a46921878adee7eee4) Importer(815301076,1909f56bfc062723c751e8b465ee728b)
Start importing Assets/Sprites using Guid(8c813cd51d6297a46921878adee7eee4) Importer(815301076,1909f56bfc062723c751e8b465ee728b)  -> (artifact id: 'c926a40eebbc291987658fc6830a17b7') in 0.013971 seconds 
  Import took 0.019823 seconds .

========================================================================
Received Import Request.
  Time since last request: 9.802875 seconds.
  path: Assets/Sounds
  artifactKey: Guid(f835f6e4593d3d44d8b1199fc0aa2fbc) Importer(815301076,1909f56bfc062723c751e8b465ee728b)
Start importing Assets/Sounds using Guid(f835f6e4593d3d44d8b1199fc0aa2fbc) Importer(815301076,1909f56bfc062723c751e8b465ee728b)  -> (artifact id: '49868a2f5fbfd479342bf10b69e68148') in 0.010436 seconds 
  Import took 0.016182 seconds .

========================================================================
Received Import Request.
  Time since last request: 28.528904 seconds.
  path: Assets/Scripts
  artifactKey: Guid(4a1ae7d3ef23c5a45952c417d67f586d) Importer(815301076,1909f56bfc062723c751e8b465ee728b)
Start importing Assets/Scripts using Guid(4a1ae7d3ef23c5a45952c417d67f586d) Importer(815301076,1909f56bfc062723c751e8b465ee728b)  -> (artifact id: '547fff381f8da8eceb1a7e0c77b678de') in 0.014516 seconds 
  Import took 0.020217 seconds .

========================================================================
Received Prepare
Registering precompiled user dll's ...
Registered in 0.004223 seconds.
Begin MonoManager ReloadAssembly
Native extension for WindowsStandalone target not found
Native extension for WebGL target not found
Refreshing native plugins compatible for Editor in 0.41 ms, found 3 plugins.
Preloading 0 native plugins for Editor in 0.00 ms.
Mono: successfully reloaded assembly
- Completed reload, in  1.036 seconds
Domain Reload Profiling:
	ReloadAssembly (1037ms)
		BeginReloadAssembly (133ms)
			ExecutionOrderSort (0ms)
			DisableScriptedObjects (5ms)
			BackupInstance (0ms)
			ReleaseScriptingObjects (0ms)
			CreateAndSetChildDomain (38ms)
		EndReloadAssembly (843ms)
			LoadAssemblies (97ms)
			RebuildTransferFunctionScriptingTraits (0ms)
			SetupTypeCache (254ms)
			ReleaseScriptCaches (1ms)
			RebuildScriptCaches (43ms)
			SetupLoadedEditorAssemblies (368ms)
				LogAssemblyErrors (0ms)
				InitializePlatformSupportModulesInManaged (6ms)
				SetLoadedEditorAssemblies (1ms)
				RefreshPlugins (0ms)
				BeforeProcessingInitializeOnLoad (62ms)
				ProcessInitializeOnLoadAttributes (286ms)
				ProcessInitializeOnLoadMethodAttributes (7ms)
				AfterProcessingInitializeOnLoad (7ms)
				EditorAssembliesLoaded (0ms)
			ExecutionOrderSort2 (0ms)
			AwakeInstancesAfterBackupRestoration (9ms)
Platform modules already initialized, skipping
Refreshing native plugins compatible for Editor in 0.41 ms, found 3 plugins.
Preloading 0 native plugins for Editor in 0.00 ms.
Unloading 2082 Unused Serialized files (Serialized files now loaded: 0)
System memory in use before: 92.5 MB.
System memory in use after: 92.6 MB.

Unloading 16 unused Assets to reduce memory usage. Loaded Objects now: 2532.
Total: 2.327000 ms (FindLiveObjects: 0.129200 ms CreateObjectMapping: 0.050000 ms MarkObjects: 2.095600 ms  DeleteObjects: 0.051100 ms)

AssetImportParameters requested are different than current active one (requested -> active):
  custom:framework-win-MediaFoundation: 216162199b28c13a410421893ffa2e32 -> 
  custom:video-decoder-ogg-theora: a1e56fd34408186e4bbccfd4996cb3dc -> 
  custom:container-muxer-webm: aa71ff27fc2769a1b78a27578f13a17b -> 
  custom:container-demuxer-webm: 4f35f7cbe854078d1ac9338744f61a02 -> 
  custom:container-demuxer-ogg: 62fdf1f143b41e24485cea50d1cbac27 -> 
  custom:video-encoder-webm-vp8: eb34c28f22e8b96e1ab97ce403110664 -> 
  custom:video-decoder-webm-vp8: 9c59270c3fd7afecdb556c50c9e8de78 -> 
  custom:audio-decoder-ogg-vorbis: bf7c407c2cedff20999df2af8eb42d56 -> 
  custom:audio-encoder-webm-vorbis: bf7c407c2cedff20999df2af8eb42d56 -> 
========================================================================
Received Import Request.
  Time since last request: 162.539655 seconds.
  path: Assets/Sprites/Dead (1).png
  artifactKey: Guid(7102ee1840364b94dbfd61665f2ce0c1) Importer(815301076,1909f56bfc062723c751e8b465ee728b)
Start importing Assets/Sprites/Dead (1).png using Guid(7102ee1840364b94dbfd61665f2ce0c1) Importer(815301076,1909f56bfc062723c751e8b465ee728b)  -> (artifact id: 'b1457f1492131db34f6fa2fad3014c3c') in 0.278103 seconds 
  Import took 0.285231 seconds .

========================================================================
Received Import Request.
  Time since last request: 0.000511 seconds.
  path: Assets/Sprites/Hurt (1).png
  artifactKey: Guid(5dd6dd9337ce9374f9b80671740fca8f) Importer(815301076,1909f56bfc062723c751e8b465ee728b)
Start importing Assets/Sprites/Hurt (1).png using Guid(5dd6dd9337ce9374f9b80671740fca8f) Importer(815301076,1909f56bfc062723c751e8b465ee728b)  -> (artifact id: '3eaeed920b8ad213901561d0e80ac4f3') in 0.041407 seconds 
  Import took 0.048682 seconds .

========================================================================
Received Import Request.
  Time since last request: 0.000583 seconds.
  path: Assets/Sprites/Idle (10).png
  artifactKey: Guid(6ff3caa6b1a0a5f4c92c115cd1a5ee26) Importer(815301076,1909f56bfc062723c751e8b465ee728b)
Start importing Assets/Sprites/Idle (10).png using Guid(6ff3caa6b1a0a5f4c92c115cd1a5ee26) Importer(815301076,1909f56bfc062723c751e8b465ee728b)  -> (artifact id: '41211c965c00ad63b17a8c1924d12ed8') in 0.070187 seconds 
  Import took 0.077416 seconds .

========================================================================
Received Import Request.
  Time since last request: 0.000517 seconds.
  path: Assets/Sprites/Jump (1).png
  artifactKey: Guid(01a4207074a07e54ca1f7e0e9e3395ee) Importer(815301076,1909f56bfc062723c751e8b465ee728b)
Start importing Assets/Sprites/Jump (1).png using Guid(01a4207074a07e54ca1f7e0e9e3395ee) Importer(815301076,1909f56bfc062723c751e8b465ee728b)  -> (artifact id: '450deee91956f2d6dae88331ff6a45ff') in 0.038083 seconds 
  Import took 0.045128 seconds .

========================================================================
Received Import Request.
  Time since last request: 0.000477 seconds.
  path: Assets/Sprites/Run (1).png
  artifactKey: Guid(796f82c7f1fabee4ebd5af7890f962bc) Importer(815301076,1909f56bfc062723c751e8b465ee728b)
Start importing Assets/Sprites/Run (1).png using Guid(796f82c7f1fabee4ebd5af7890f962bc) Importer(815301076,1909f56bfc062723c751e8b465ee728b)  -> (artifact id: '1f682cdcd933d5f6454c5a2cbf04f64d') in 0.047982 seconds 
  Import took 0.055298 seconds .

========================================================================
Received Import Request.
  Time since last request: 0.000483 seconds.
  path: Assets/Sprites/Hurt (2).png
  artifactKey: Guid(7c8bcceeb2c51124f883ae87b407edcd) Importer(815301076,1909f56bfc062723c751e8b465ee728b)
Start importing Assets/Sprites/Hurt (2).png using Guid(7c8bcceeb2c51124f883ae87b407edcd) Importer(815301076,1909f56bfc062723c751e8b465ee728b)  -> (artifact id: '5781a26f588f39212c86fff3615b521c') in 0.035476 seconds 
  Import took 0.041043 seconds .

========================================================================
Received Import Request.
  Time since last request: 0.000352 seconds.
  path: Assets/Sprites/Idle (5).png
  artifactKey: Guid(7142dd055111575438ebe4c9115d6081) Importer(815301076,1909f56bfc062723c751e8b465ee728b)
Start importing Assets/Sprites/Idle (5).png using Guid(7142dd055111575438ebe4c9115d6081) Importer(815301076,1909f56bfc062723c751e8b465ee728b)  -> (artifact id: '4b9e2401790e802f5365cec18d5209b1') in 0.027357 seconds 
  Import took 0.032489 seconds .

========================================================================
Received Import Request.
  Time since last request: 0.000502 seconds.
  path: Assets/Sprites/Jump (3).png
  artifactKey: Guid(719ffe96603aeed438545b269d8d5844) Importer(815301076,1909f56bfc062723c751e8b465ee728b)
Start importing Assets/Sprites/Jump (3).png using Guid(719ffe96603aeed438545b269d8d5844) Importer(815301076,1909f56bfc062723c751e8b465ee728b)  -> (artifact id: '4dc2cad284083ae9d4f701d44153d382') in 0.026158 seconds 
  Import took 0.029730 seconds .

========================================================================
Received Import Request.
  Time since last request: 0.000431 seconds.
  path: Assets/Sprites/Hurt (3).png
  artifactKey: Guid(9efee5fda8d12544bb499971c6b74777) Importer(815301076,1909f56bfc062723c751e8b465ee728b)
Start importing Assets/Sprites/Hurt (3).png using Guid(9efee5fda8d12544bb499971c6b74777) Importer(815301076,1909f56bfc062723c751e8b465ee728b)  -> (artifact id: '4c80cf8614edab855bfe1faff87f54c4') in 0.024840 seconds 
  Import took 0.028875 seconds .

========================================================================
Received Import Request.
  Time since last request: 0.000359 seconds.
  path: Assets/Sprites/Idle (9).png
  artifactKey: Guid(786bf42ab4be06744a32b9959908e886) Importer(815301076,1909f56bfc062723c751e8b465ee728b)
Start importing Assets/Sprites/Idle (9).png using Guid(786bf42ab4be06744a32b9959908e886) Importer(815301076,1909f56bfc062723c751e8b465ee728b)  -> (artifact id: '38165f46f75b2d26c55d5c56282e1425') in 0.024150 seconds 
  Import took 0.029003 seconds .

========================================================================
Received Import Request.
  Time since last request: 0.000322 seconds.
  path: Assets/Sprites/Dead (7).png
  artifactKey: Guid(2a369393504ac3146bf118d2a9cc5407) Importer(815301076,1909f56bfc062723c751e8b465ee728b)
Start importing Assets/Sprites/Dead (7).png using Guid(2a369393504ac3146bf118d2a9cc5407) Importer(815301076,1909f56bfc062723c751e8b465ee728b)  -> (artifact id: '890f4303a76a77ce84f2459561785693') in 0.027941 seconds 
  Import took 0.032553 seconds .

========================================================================
Received Import Request.
  Time since last request: 0.000287 seconds.
  path: Assets/Sprites/Idle (2).png
  artifactKey: Guid(3a66da8d5250ee649add7d55e6da3ada) Importer(815301076,1909f56bfc062723c751e8b465ee728b)
Start importing Assets/Sprites/Idle (2).png using Guid(3a66da8d5250ee649add7d55e6da3ada) Importer(815301076,1909f56bfc062723c751e8b465ee728b)  -> (artifact id: 'a6d94f03e8deef0ba7986a4898f389ab') in 0.024598 seconds 
  Import took 0.029570 seconds .

========================================================================
Received Import Request.
  Time since last request: 0.000302 seconds.
  path: Assets/Sprites/Dead (5).png
  artifactKey: Guid(dc560a40a81c1554cb0417494722a562) Importer(815301076,1909f56bfc062723c751e8b465ee728b)
Start importing Assets/Sprites/Dead (5).png using Guid(dc560a40a81c1554cb0417494722a562) Importer(815301076,1909f56bfc062723c751e8b465ee728b)  -> (artifact id: '51af0b84dcda1f3d7b0afa8c85f9948b') in 0.062596 seconds 
  Import took 0.067491 seconds .

========================================================================
Received Import Request.
  Time since last request: 0.000488 seconds.
  path: Assets/Sprites/Fall (2).png
  artifactKey: Guid(bf399b47b8a04dc44b718dddd7e58b00) Importer(815301076,1909f56bfc062723c751e8b465ee728b)
Start importing Assets/Sprites/Fall (2).png using Guid(bf399b47b8a04dc44b718dddd7e58b00) Importer(815301076,1909f56bfc062723c751e8b465ee728b)  -> (artifact id: '83835b6cc2e8eb8c54cfe38f0aaf9109') in 0.018546 seconds 
  Import took 0.022273 seconds .

========================================================================
Received Import Request.
  Time since last request: 0.000224 seconds.
  path: Assets/Sprites/Jump (4).png
  artifactKey: Guid(028cc372f4a7e5e419924747dca5b00d) Importer(815301076,1909f56bfc062723c751e8b465ee728b)
Start importing Assets/Sprites/Jump (4).png using Guid(028cc372f4a7e5e419924747dca5b00d) Importer(815301076,1909f56bfc062723c751e8b465ee728b)  -> (artifact id: '955335f77926ab442be8024ffbcae387') in 0.019605 seconds 
  Import took 0.022384 seconds .

========================================================================
Received Import Request.
  Time since last request: 0.000237 seconds.
  path: Assets/Sprites/Idle (8).png
  artifactKey: Guid(61683f40c51e4d248ac2745e8521ffca) Importer(815301076,1909f56bfc062723c751e8b465ee728b)
Start importing Assets/Sprites/Idle (8).png using Guid(61683f40c51e4d248ac2745e8521ffca) Importer(815301076,1909f56bfc062723c751e8b465ee728b)  -> (artifact id: 'ddbef9cf0ab73798e89e11d0a546c1ca') in 0.018268 seconds 
  Import took 0.037102 seconds .

========================================================================
Received Import Request.
  Time since last request: 0.000388 seconds.
  path: Assets/Sprites/Hurt (6).png
  artifactKey: Guid(ca880da9b0a48e849881c32db4db77ed) Importer(815301076,1909f56bfc062723c751e8b465ee728b)
Start importing Assets/Sprites/Hurt (6).png using Guid(ca880da9b0a48e849881c32db4db77ed) Importer(815301076,1909f56bfc062723c751e8b465ee728b)  -> (artifact id: '2bf0e0a488aee27fee3724ff68993fb0') in 0.027182 seconds 
  Import took 0.032381 seconds .

========================================================================
Received Import Request.
  Time since last request: 0.000418 seconds.
  path: Assets/Sprites/Idle (1).png
  artifactKey: Guid(f2a32b976b8b6ee42890b266e64df7d5) Importer(815301076,1909f56bfc062723c751e8b465ee728b)
Start importing Assets/Sprites/Idle (1).png using Guid(f2a32b976b8b6ee42890b266e64df7d5) Importer(815301076,1909f56bfc062723c751e8b465ee728b)  -> (artifact id: '72e03d56fab33b628bafdfa323a1d3f6') in 0.025438 seconds 
  Import took 0.030448 seconds .

========================================================================
Received Import Request.
  Time since last request: 0.000326 seconds.
  path: Assets/Sprites/Dead (8).png
  artifactKey: Guid(d287d554c0e80784a9bbde60d7029f6a) Importer(815301076,1909f56bfc062723c751e8b465ee728b)
Start importing Assets/Sprites/Dead (8).png using Guid(d287d554c0e80784a9bbde60d7029f6a) Importer(815301076,1909f56bfc062723c751e8b465ee728b)  -> (artifact id: 'daec88e3b41510a1570af56e6897baf5') in 0.026139 seconds 
  Import took 0.030220 seconds .

========================================================================
Received Import Request.
  Time since last request: 0.000441 seconds.
  path: Assets/Sprites/Run (3).png
  artifactKey: Guid(7c2f09bf5ecb4134382a5051baecff58) Importer(815301076,1909f56bfc062723c751e8b465ee728b)
Start importing Assets/Sprites/Run (3).png using Guid(7c2f09bf5ecb4134382a5051baecff58) Importer(815301076,1909f56bfc062723c751e8b465ee728b)  -> (artifact id: 'bffe951ea5d45a8218f8ad446ce8b25b') in 0.025438 seconds 
  Import took 0.030700 seconds .

========================================================================
Received Import Request.
  Time since last request: 0.000495 seconds.
  path: Assets/Sprites/Fall (4).png
  artifactKey: Guid(fcff5ec2e5f398d469b55fe0c8db39d1) Importer(815301076,1909f56bfc062723c751e8b465ee728b)
Start importing Assets/Sprites/Fall (4).png using Guid(fcff5ec2e5f398d469b55fe0c8db39d1) Importer(815301076,1909f56bfc062723c751e8b465ee728b)  -> (artifact id: '24267c72c8076fb245ed8ba4011b5386') in 0.024762 seconds 
  Import took 0.029785 seconds .

========================================================================
Received Import Request.
  Time since last request: 0.000505 seconds.
  path: Assets/Sprites/Fall (1).png
  artifactKey: Guid(57109885d11513542a58609180dbafc4) Importer(815301076,1909f56bfc062723c751e8b465ee728b)
Start importing Assets/Sprites/Fall (1).png using Guid(57109885d11513542a58609180dbafc4) Importer(815301076,1909f56bfc062723c751e8b465ee728b)  -> (artifact id: 'eef88cd7bada5ed4dfd26e96901cad91') in 0.026533 seconds 
  Import took 0.031179 seconds .

========================================================================
Received Import Request.
  Time since last request: 0.000401 seconds.
  path: Assets/Sprites/Jump (5).png
  artifactKey: Guid(7012f0952efaecb449898a2cab24f0fc) Importer(815301076,1909f56bfc062723c751e8b465ee728b)
Start importing Assets/Sprites/Jump (5).png using Guid(7012f0952efaecb449898a2cab24f0fc) Importer(815301076,1909f56bfc062723c751e8b465ee728b)  -> (artifact id: '73cc5516749ad3ea12fa7038f1a930ee') in 0.025831 seconds 
  Import took 0.030512 seconds .

========================================================================
Received Import Request.
  Time since last request: 0.000440 seconds.
  path: Assets/Sprites/Jump (8).png
  artifactKey: Guid(89ebfd2e978cf2446a92c02cc82a2ad2) Importer(815301076,1909f56bfc062723c751e8b465ee728b)
Start importing Assets/Sprites/Jump (8).png using Guid(89ebfd2e978cf2446a92c02cc82a2ad2) Importer(815301076,1909f56bfc062723c751e8b465ee728b)  -> (artifact id: '814f06bf7d4e6075b4d19e3d41b4022a') in 0.024557 seconds 
  Import took 0.029373 seconds .

========================================================================
Received Import Request.
  Time since last request: 0.000510 seconds.
  path: Assets/Sprites/Idle (6).png
  artifactKey: Guid(10c7ef878e82a0f4592c7dbd417d0817) Importer(815301076,1909f56bfc062723c751e8b465ee728b)
Start importing Assets/Sprites/Idle (6).png using Guid(10c7ef878e82a0f4592c7dbd417d0817) Importer(815301076,1909f56bfc062723c751e8b465ee728b)  -> (artifact id: 'ca5c71a3c37bcd34c3b7a81c72704cbf') in 0.027789 seconds 
  Import took 0.031722 seconds .

========================================================================
Received Import Request.
  Time since last request: 0.000310 seconds.
  path: Assets/Sprites/Hurt (8).png
  artifactKey: Guid(9ce6cc22bb57c3a48b67bd6555f268d1) Importer(815301076,1909f56bfc062723c751e8b465ee728b)
Start importing Assets/Sprites/Hurt (8).png using Guid(9ce6cc22bb57c3a48b67bd6555f268d1) Importer(815301076,1909f56bfc062723c751e8b465ee728b)  -> (artifact id: 'e11ff867491f999a016d1632be4c634d') in 0.033051 seconds 
  Import took 0.038507 seconds .

========================================================================
Received Import Request.
  Time since last request: 0.000330 seconds.
  path: Assets/Sprites/Fall (3).png
  artifactKey: Guid(1eb78f36fe80fee41a44cd147c915819) Importer(815301076,1909f56bfc062723c751e8b465ee728b)
Start importing Assets/Sprites/Fall (3).png using Guid(1eb78f36fe80fee41a44cd147c915819) Importer(815301076,1909f56bfc062723c751e8b465ee728b)  -> (artifact id: 'dbe3393394e7183d5372c3827feb3ca8') in 0.034611 seconds 
  Import took 0.041172 seconds .

========================================================================
Received Import Request.
  Time since last request: 0.000519 seconds.
  path: Assets/Sprites/Dead (4).png
  artifactKey: Guid(ec87f3e6338bae44b90eb308a9c236b5) Importer(815301076,1909f56bfc062723c751e8b465ee728b)
Start importing Assets/Sprites/Dead (4).png using Guid(ec87f3e6338bae44b90eb308a9c236b5) Importer(815301076,1909f56bfc062723c751e8b465ee728b)  -> (artifact id: 'dd268d60f3d28db5fabf7fcbdbb943b2') in 0.036404 seconds 
  Import took 0.044303 seconds .

========================================================================
Received Import Request.
  Time since last request: 0.000323 seconds.
  path: Assets/Sprites/Idle (3).png
  artifactKey: Guid(a3766e018f5eaa549a351cf0f5ed061f) Importer(815301076,1909f56bfc062723c751e8b465ee728b)
Start importing Assets/Sprites/Idle (3).png using Guid(a3766e018f5eaa549a351cf0f5ed061f) Importer(815301076,1909f56bfc062723c751e8b465ee728b)  -> (artifact id: '71186743f574be3efe8c1fa912d91410') in 0.038037 seconds 
  Import took 0.046562 seconds .

========================================================================
Received Import Request.
  Time since last request: 0.000371 seconds.
  path: Assets/Sprites/Idle (4).png
  artifactKey: Guid(a973c31361c54334a87df0dd31c3d327) Importer(815301076,1909f56bfc062723c751e8b465ee728b)
Start importing Assets/Sprites/Idle (4).png using Guid(a973c31361c54334a87df0dd31c3d327) Importer(815301076,1909f56bfc062723c751e8b465ee728b)  -> (artifact id: '2aeb15d9847b721a8fa30573bd9e0f24') in 0.028578 seconds 
  Import took 0.034586 seconds .

========================================================================
Received Import Request.
  Time since last request: 0.000335 seconds.
  path: Assets/Sprites/Dead (10).png
  artifactKey: Guid(3571a23c548f7eb48a4fd46f8803a607) Importer(815301076,1909f56bfc062723c751e8b465ee728b)
Start importing Assets/Sprites/Dead (10).png using Guid(3571a23c548f7eb48a4fd46f8803a607) Importer(815301076,1909f56bfc062723c751e8b465ee728b)  -> (artifact id: 'f5d4c74ca77f91dad59282946d72198e') in 0.026627 seconds 
  Import took 0.032707 seconds .

========================================================================
Received Import Request.
  Time since last request: 0.000304 seconds.
  path: Assets/Sprites/Hurt (7).png
  artifactKey: Guid(726c2a215c4e5b54680e92936110a80b) Importer(815301076,1909f56bfc062723c751e8b465ee728b)
Start importing Assets/Sprites/Hurt (7).png using Guid(726c2a215c4e5b54680e92936110a80b) Importer(815301076,1909f56bfc062723c751e8b465ee728b)  -> (artifact id: '37613e195c01cc1a2991338f79339744') in 0.030687 seconds 
  Import took 0.037647 seconds .

========================================================================
Received Import Request.
  Time since last request: 0.000313 seconds.
  path: Assets/Sprites/Hurt (9).png
  artifactKey: Guid(e43fbd0f6c4896548a81df9d604d445e) Importer(815301076,1909f56bfc062723c751e8b465ee728b)
Start importing Assets/Sprites/Hurt (9).png using Guid(e43fbd0f6c4896548a81df9d604d445e) Importer(815301076,1909f56bfc062723c751e8b465ee728b)  -> (artifact id: 'a4f468a0109fe00ff7cfeb00a33f79f4') in 0.027678 seconds 
  Import took 0.032400 seconds .

========================================================================
Received Import Request.
  Time since last request: 0.000620 seconds.
  path: Assets/Sprites/Dead (2).png
  artifactKey: Guid(cd908101d9f129446b9c92db6a3ea1fd) Importer(815301076,1909f56bfc062723c751e8b465ee728b)
Start importing Assets/Sprites/Dead (2).png using Guid(cd908101d9f129446b9c92db6a3ea1fd) Importer(815301076,1909f56bfc062723c751e8b465ee728b)  -> (artifact id: '8fafb88a33bc980509386f242999d8e7') in 0.030473 seconds 
  Import took 0.034366 seconds .

========================================================================
Received Import Request.
  Time since last request: 0.000207 seconds.
  path: Assets/Sprites/Hurt (4).png
  artifactKey: Guid(412faa02a7c4870419a2bf3ba261db78) Importer(815301076,1909f56bfc062723c751e8b465ee728b)
Start importing Assets/Sprites/Hurt (4).png using Guid(412faa02a7c4870419a2bf3ba261db78) Importer(815301076,1909f56bfc062723c751e8b465ee728b)  -> (artifact id: 'a69ba35aed5bc47a8a547e8dbd3fd1b7') in 0.028034 seconds 
  Import took 0.033420 seconds .

========================================================================
Received Import Request.
  Time since last request: 0.000320 seconds.
  path: Assets/Sprites/Idle (7).png
  artifactKey: Guid(0687e44fbff7af64daddb6e0c5336b78) Importer(815301076,1909f56bfc062723c751e8b465ee728b)
Start importing Assets/Sprites/Idle (7).png using Guid(0687e44fbff7af64daddb6e0c5336b78) Importer(815301076,1909f56bfc062723c751e8b465ee728b)  -> (artifact id: '87fe677c835c865a4eccb612f0ce83aa') in 0.022665 seconds 
  Import took 0.027450 seconds .

========================================================================
Received Import Request.
  Time since last request: 0.000356 seconds.
  path: Assets/Sprites/Jump (7).png
  artifactKey: Guid(13ff5ff09dff3594db96d10067a6ac7b) Importer(815301076,1909f56bfc062723c751e8b465ee728b)
Start importing Assets/Sprites/Jump (7).png using Guid(13ff5ff09dff3594db96d10067a6ac7b) Importer(815301076,1909f56bfc062723c751e8b465ee728b)  -> (artifact id: '87140fabd94baf6861c221ce4ed8811e') in 0.024653 seconds 
  Import took 0.029143 seconds .

========================================================================
Received Import Request.
  Time since last request: 0.000355 seconds.
  path: Assets/Sprites/Jump (2).png
  artifactKey: Guid(b72cae0b4dd6d4444b195e66c0bbbca2) Importer(815301076,1909f56bfc062723c751e8b465ee728b)
Start importing Assets/Sprites/Jump (2).png using Guid(b72cae0b4dd6d4444b195e66c0bbbca2) Importer(815301076,1909f56bfc062723c751e8b465ee728b)  -> (artifact id: 'c75daf89f24db341a80ed47421bbd94e') in 0.104394 seconds 
  Import took 0.108596 seconds .

========================================================================
Received Import Request.
  Time since last request: 0.000370 seconds.
  path: Assets/Sprites/Dead (3).png
  artifactKey: Guid(78face62c3ca06d4fb739ba9348539ce) Importer(815301076,1909f56bfc062723c751e8b465ee728b)
Start importing Assets/Sprites/Dead (3).png using Guid(78face62c3ca06d4fb739ba9348539ce) Importer(815301076,1909f56bfc062723c751e8b465ee728b)  -> (artifact id: '8fa89468555c5da1d5c2cb9efc2ad10f') in 0.020125 seconds 
  Import took 0.023996 seconds .

========================================================================
Received Import Request.
  Time since last request: 0.000283 seconds.
  path: Assets/Sprites/Jump (6).png
  artifactKey: Guid(c289a19de574d1348b0fe465622030d0) Importer(815301076,1909f56bfc062723c751e8b465ee728b)
Start importing Assets/Sprites/Jump (6).png using Guid(c289a19de574d1348b0fe465622030d0) Importer(815301076,1909f56bfc062723c751e8b465ee728b)  -> (artifact id: 'ab81bb01ab0aa8442c394972d995a8d9') in 0.021579 seconds 
  Import took 0.026383 seconds .

========================================================================
Received Import Request.
  Time since last request: 0.000481 seconds.
  path: Assets/Sprites/Hurt (10).png
  artifactKey: Guid(9137e1815391a4e4da96c310d6065246) Importer(815301076,1909f56bfc062723c751e8b465ee728b)
Start importing Assets/Sprites/Hurt (10).png using Guid(9137e1815391a4e4da96c310d6065246) Importer(815301076,1909f56bfc062723c751e8b465ee728b)  -> (artifact id: '16518ecc58e15a23a7a2423928fb8f0e') in 0.033905 seconds 
  Import took 0.059324 seconds .

========================================================================
Received Import Request.
  Time since last request: 0.000872 seconds.
  path: Assets/Sprites/Fall (5).png
  artifactKey: Guid(12dbeeb55c3069a409760ff34475d25e) Importer(815301076,1909f56bfc062723c751e8b465ee728b)
Start importing Assets/Sprites/Fall (5).png using Guid(12dbeeb55c3069a409760ff34475d25e) Importer(815301076,1909f56bfc062723c751e8b465ee728b)  -> (artifact id: '3b4dac0e0f2650a468981f436b5c3bfd') in 0.122448 seconds 
  Import took 0.128548 seconds .

========================================================================
Received Import Request.
  Time since last request: 0.000324 seconds.
  path: Assets/Sprites/Fall (7).png
  artifactKey: Guid(eeb4400bac6f790459b1e2b16d6b8d79) Importer(815301076,1909f56bfc062723c751e8b465ee728b)
Start importing Assets/Sprites/Fall (7).png using Guid(eeb4400bac6f790459b1e2b16d6b8d79) Importer(815301076,1909f56bfc062723c751e8b465ee728b)  -> (artifact id: 'c5ed59329a62fb620efd531abc072f8a') in 0.026787 seconds 
  Import took 0.032845 seconds .

========================================================================
Received Import Request.
  Time since last request: 0.000463 seconds.
  path: Assets/Sprites/Hurt (5).png
  artifactKey: Guid(a091dce28992a004cac7f8b90134b9d3) Importer(815301076,1909f56bfc062723c751e8b465ee728b)
Start importing Assets/Sprites/Hurt (5).png using Guid(a091dce28992a004cac7f8b90134b9d3) Importer(815301076,1909f56bfc062723c751e8b465ee728b)  -> (artifact id: '6cbd11ae6bd8c24cca535a5349759d08') in 0.029481 seconds 
  Import took 0.034848 seconds .

========================================================================
Received Import Request.
  Time since last request: 0.000609 seconds.
  path: Assets/Sprites/Dead (6).png
  artifactKey: Guid(eff0012587b80a3409e648a39ba0724a) Importer(815301076,1909f56bfc062723c751e8b465ee728b)
Start importing Assets/Sprites/Dead (6).png using Guid(eff0012587b80a3409e648a39ba0724a) Importer(815301076,1909f56bfc062723c751e8b465ee728b)  -> (artifact id: '044306f5ff609a117b1dbe194d25e189') in 0.052195 seconds 
  Import took 0.059118 seconds .

========================================================================
Received Import Request.
  Time since last request: 0.000590 seconds.
  path: Assets/Sprites/Run (2).png
  artifactKey: Guid(eb90cf48d36d8d24ea5422838fdaea9d) Importer(815301076,1909f56bfc062723c751e8b465ee728b)
Start importing Assets/Sprites/Run (2).png using Guid(eb90cf48d36d8d24ea5422838fdaea9d) Importer(815301076,1909f56bfc062723c751e8b465ee728b)  -> (artifact id: '687ced3598646b40bca723fc7d196597') in 0.021863 seconds 
  Import took 0.027250 seconds .

========================================================================
Received Import Request.
  Time since last request: 0.000301 seconds.
  path: Assets/Sprites/Dead (9).png
  artifactKey: Guid(4fe5fdc917ddfa34a9370ee02a63fe53) Importer(815301076,1909f56bfc062723c751e8b465ee728b)
Start importing Assets/Sprites/Dead (9).png using Guid(4fe5fdc917ddfa34a9370ee02a63fe53) Importer(815301076,1909f56bfc062723c751e8b465ee728b)  -> (artifact id: '194540149b0f207d8c524cbcbc35768b') in 0.017996 seconds 
  Import took 0.021689 seconds .

========================================================================
Received Import Request.
  Time since last request: 0.000286 seconds.
  path: Assets/Sprites/Fall (8).png
  artifactKey: Guid(2ecff6f67a1ef9d489ce6d97b5638fcd) Importer(815301076,1909f56bfc062723c751e8b465ee728b)
Start importing Assets/Sprites/Fall (8).png using Guid(2ecff6f67a1ef9d489ce6d97b5638fcd) Importer(815301076,1909f56bfc062723c751e8b465ee728b)  -> (artifact id: '47b5224ee3bce2f76a3769be89376c93') in 0.017406 seconds 
  Import took 0.021268 seconds .

========================================================================
Received Import Request.
  Time since last request: 0.000200 seconds.
  path: Assets/Sprites/Fall (6).png
  artifactKey: Guid(1ed3425c567150546a6c68b73bac4191) Importer(815301076,1909f56bfc062723c751e8b465ee728b)
Start importing Assets/Sprites/Fall (6).png using Guid(1ed3425c567150546a6c68b73bac4191) Importer(815301076,1909f56bfc062723c751e8b465ee728b)  -> (artifact id: '6ff9dea69344826ad5477959ce37df2c') in 0.026822 seconds 
  Import took 0.031170 seconds .

========================================================================
Received Import Request.
  Time since last request: 46.521432 seconds.
  path: Assets/Sprites/Run (4).png
  artifactKey: Guid(a7f6223df7315e04c8693996620bd8f0) Importer(815301076,1909f56bfc062723c751e8b465ee728b)
Start importing Assets/Sprites/Run (4).png using Guid(a7f6223df7315e04c8693996620bd8f0) Importer(815301076,1909f56bfc062723c751e8b465ee728b)  -> (artifact id: '1fe0d32d9e3518974d18734802ded923') in 0.023851 seconds 
  Import took 0.030344 seconds .

========================================================================
Received Import Request.
  Time since last request: 0.000235 seconds.
  path: Assets/Sprites/Run (5).png
  artifactKey: Guid(3b572fb4f3965284892d127617c93647) Importer(815301076,1909f56bfc062723c751e8b465ee728b)
Start importing Assets/Sprites/Run (5).png using Guid(3b572fb4f3965284892d127617c93647) Importer(815301076,1909f56bfc062723c751e8b465ee728b)  -> (artifact id: 'e4b4afdca4e2381260623b1c20b48013') in 0.023207 seconds 
  Import took 0.027043 seconds .

========================================================================
Received Import Request.
  Time since last request: 0.000296 seconds.
  path: Assets/Sprites/Slide (7).png
  artifactKey: Guid(4b044c70c44169c47959ae53b1091686) Importer(815301076,1909f56bfc062723c751e8b465ee728b)
Start importing Assets/Sprites/Slide (7).png using Guid(4b044c70c44169c47959ae53b1091686) Importer(815301076,1909f56bfc062723c751e8b465ee728b)  -> (artifact id: '751547ebf87517377571b590c8548501') in 0.025666 seconds 
  Import took 0.030582 seconds .

========================================================================
Received Import Request.
  Time since last request: 0.000555 seconds.
  path: Assets/Sprites/Slide (4).png
  artifactKey: Guid(433c395360bf71644a5dae9b0f21bbe1) Importer(815301076,1909f56bfc062723c751e8b465ee728b)
Start importing Assets/Sprites/Slide (4).png using Guid(433c395360bf71644a5dae9b0f21bbe1) Importer(815301076,1909f56bfc062723c751e8b465ee728b)  -> (artifact id: 'e7ea27cc256c7c0a303f5c4c1a039b81') in 0.028327 seconds 
  Import took 0.032995 seconds .

========================================================================
Received Import Request.
  Time since last request: 0.000464 seconds.
  path: Assets/Sprites/Run (7).png
  artifactKey: Guid(8426e75509db31d4089e1983726141d0) Importer(815301076,1909f56bfc062723c751e8b465ee728b)
Start importing Assets/Sprites/Run (7).png using Guid(8426e75509db31d4089e1983726141d0) Importer(815301076,1909f56bfc062723c751e8b465ee728b)  -> (artifact id: 'd6b0ad5c4ff8158bdbada20636728f89') in 0.029341 seconds 
  Import took 0.034043 seconds .

========================================================================
Received Import Request.
  Time since last request: 0.000371 seconds.
  path: Assets/Sprites/Slide (3).png
  artifactKey: Guid(0cf151cf212341942b57cee6f7ba88a6) Importer(815301076,1909f56bfc062723c751e8b465ee728b)
Start importing Assets/Sprites/Slide (3).png using Guid(0cf151cf212341942b57cee6f7ba88a6) Importer(815301076,1909f56bfc062723c751e8b465ee728b)  -> (artifact id: 'be1d8cfa54cea241cf90f0d5d470e2f3') in 0.026459 seconds 
  Import took 0.031687 seconds .

========================================================================
Received Import Request.
  Time since last request: 0.000344 seconds.
  path: Assets/Sprites/Slide (6).png
  artifactKey: Guid(baeaaad38eb910e4caaef4adba4c30a2) Importer(815301076,1909f56bfc062723c751e8b465ee728b)
Start importing Assets/Sprites/Slide (6).png using Guid(baeaaad38eb910e4caaef4adba4c30a2) Importer(815301076,1909f56bfc062723c751e8b465ee728b)  -> (artifact id: '658492b1a1ddf5b0334ba19e8feb093e') in 0.053730 seconds 
  Import took 0.058600 seconds .

========================================================================
Received Import Request.
  Time since last request: 0.000322 seconds.
  path: Assets/Sprites/Run (8).png
  artifactKey: Guid(5594e3eb21b523a40abdc49854556a98) Importer(815301076,1909f56bfc062723c751e8b465ee728b)
Start importing Assets/Sprites/Run (8).png using Guid(5594e3eb21b523a40abdc49854556a98) Importer(815301076,1909f56bfc062723c751e8b465ee728b)  -> (artifact id: '3af25cf5cbb1a563c0328846c53890f9') in 0.023241 seconds 
  Import took 0.027547 seconds .

========================================================================
Received Import Request.
  Time since last request: 0.000363 seconds.
  path: Assets/Sprites/Slide (5).png
  artifactKey: Guid(8e75e5ee2ed710e45aacf2ab17a0f0b3) Importer(815301076,1909f56bfc062723c751e8b465ee728b)
Start importing Assets/Sprites/Slide (5).png using Guid(8e75e5ee2ed710e45aacf2ab17a0f0b3) Importer(815301076,1909f56bfc062723c751e8b465ee728b)  -> (artifact id: '37ed6ac815f815a94f42f5f7d92de2d5') in 0.030726 seconds 
  Import took 0.034625 seconds .

========================================================================
Received Import Request.
  Time since last request: 0.000343 seconds.
  path: Assets/Sprites/Slide (1).png
  artifactKey: Guid(86b05cad78411624fb37b7b86a279a34) Importer(815301076,1909f56bfc062723c751e8b465ee728b)
Start importing Assets/Sprites/Slide (1).png using Guid(86b05cad78411624fb37b7b86a279a34) Importer(815301076,1909f56bfc062723c751e8b465ee728b)  -> (artifact id: '48090b7e69dcd6844baafe217e52805c') in 0.025531 seconds 
  Import took 0.029689 seconds .

========================================================================
Received Import Request.
  Time since last request: 0.000436 seconds.
  path: Assets/Sprites/Run (6).png
  artifactKey: Guid(94bf6ca7012bc9c43925fbe729d3cfd8) Importer(815301076,1909f56bfc062723c751e8b465ee728b)
Start importing Assets/Sprites/Run (6).png using Guid(94bf6ca7012bc9c43925fbe729d3cfd8) Importer(815301076,1909f56bfc062723c751e8b465ee728b)  -> (artifact id: '13c4ca0d438f957080852825d6d39802') in 0.037336 seconds 
  Import took 0.042045 seconds .

========================================================================
Received Import Request.
  Time since last request: 0.000320 seconds.
  path: Assets/Sprites/Slide (2).png
  artifactKey: Guid(3e50c612b6ecdf248ad17ea918d27104) Importer(815301076,1909f56bfc062723c751e8b465ee728b)
Start importing Assets/Sprites/Slide (2).png using Guid(3e50c612b6ecdf248ad17ea918d27104) Importer(815301076,1909f56bfc062723c751e8b465ee728b)  -> (artifact id: 'b017e9803215aeee370c87940717f3a8') in 0.027507 seconds 
  Import took 0.033295 seconds .

========================================================================
Received Import Request.
  Time since last request: 0.004987 seconds.
  path: Assets/Sprites/Slide (2).png
  artifactKey: Guid(3e50c612b6ecdf248ad17ea918d27104) Importer(815301076,1909f56bfc062723c751e8b465ee728b)
Start importing Assets/Sprites/Slide (2).png using Guid(3e50c612b6ecdf248ad17ea918d27104) Importer(815301076,1909f56bfc062723c751e8b465ee728b)  -> (artifact id: 'b017e9803215aeee370c87940717f3a8') in 0.027917 seconds 
  Import took 0.034767 seconds .

========================================================================
Received Prepare
Registering precompiled user dll's ...
Registered in 0.004496 seconds.
Begin MonoManager ReloadAssembly
Native extension for WindowsStandalone target not found
Native extension for WebGL target not found
Refreshing native plugins compatible for Editor in 0.39 ms, found 3 plugins.
Preloading 0 native plugins for Editor in 0.00 ms.
Mono: successfully reloaded assembly
- Completed reload, in  1.097 seconds
Domain Reload Profiling:
	ReloadAssembly (1097ms)
		BeginReloadAssembly (122ms)
			ExecutionOrderSort (0ms)
			DisableScriptedObjects (8ms)
			BackupInstance (0ms)
			ReleaseScriptingObjects (0ms)
			CreateAndSetChildDomain (35ms)
		EndReloadAssembly (914ms)
			LoadAssemblies (95ms)
			RebuildTransferFunctionScriptingTraits (0ms)
			SetupTypeCache (289ms)
			ReleaseScriptCaches (1ms)
			RebuildScriptCaches (50ms)
			SetupLoadedEditorAssemblies (369ms)
				LogAssemblyErrors (0ms)
				InitializePlatformSupportModulesInManaged (7ms)
				SetLoadedEditorAssemblies (0ms)
				RefreshPlugins (0ms)
				BeforeProcessingInitializeOnLoad (67ms)
				ProcessInitializeOnLoadAttributes (283ms)
				ProcessInitializeOnLoadMethodAttributes (5ms)
				AfterProcessingInitializeOnLoad (7ms)
				EditorAssembliesLoaded (0ms)
			ExecutionOrderSort2 (0ms)
			AwakeInstancesAfterBackupRestoration (9ms)
Platform modules already initialized, skipping
Refreshing native plugins compatible for Editor in 0.37 ms, found 3 plugins.
Preloading 0 native plugins for Editor in 0.00 ms.
Unloading 2082 Unused Serialized files (Serialized files now loaded: 0)
System memory in use before: 95.5 MB.
System memory in use after: 95.6 MB.

Unloading 16 unused Assets to reduce memory usage. Loaded Objects now: 2543.
Total: 3.206000 ms (FindLiveObjects: 0.128700 ms CreateObjectMapping: 0.048600 ms MarkObjects: 3.006800 ms  DeleteObjects: 0.020700 ms)

AssetImportParameters requested are different than current active one (requested -> active):
  custom:framework-win-MediaFoundation: 216162199b28c13a410421893ffa2e32 -> 
  custom:video-decoder-ogg-theora: a1e56fd34408186e4bbccfd4996cb3dc -> 
  custom:container-muxer-webm: aa71ff27fc2769a1b78a27578f13a17b -> 
  custom:container-demuxer-webm: 4f35f7cbe854078d1ac9338744f61a02 -> 
  custom:container-demuxer-ogg: 62fdf1f143b41e24485cea50d1cbac27 -> 
  custom:video-encoder-webm-vp8: eb34c28f22e8b96e1ab97ce403110664 -> 
  custom:video-decoder-webm-vp8: 9c59270c3fd7afecdb556c50c9e8de78 -> 
  custom:audio-decoder-ogg-vorbis: bf7c407c2cedff20999df2af8eb42d56 -> 
  custom:audio-encoder-webm-vorbis: bf7c407c2cedff20999df2af8eb42d56 -> 
========================================================================
Received Prepare
Registering precompiled user dll's ...
Registered in 0.006745 seconds.
Begin MonoManager ReloadAssembly
Native extension for WindowsStandalone target not found
Native extension for WebGL target not found
Refreshing native plugins compatible for Editor in 0.41 ms, found 3 plugins.
Preloading 0 native plugins for Editor in 0.00 ms.
Mono: successfully reloaded assembly
- Completed reload, in  1.285 seconds
Domain Reload Profiling:
	ReloadAssembly (1285ms)
		BeginReloadAssembly (133ms)
			ExecutionOrderSort (0ms)
			DisableScriptedObjects (8ms)
			BackupInstance (0ms)
			ReleaseScriptingObjects (0ms)
			CreateAndSetChildDomain (37ms)
		EndReloadAssembly (1091ms)
			LoadAssemblies (93ms)
			RebuildTransferFunctionScriptingTraits (0ms)
			SetupTypeCache (311ms)
			ReleaseScriptCaches (1ms)
			RebuildScriptCaches (60ms)
			SetupLoadedEditorAssemblies (509ms)
				LogAssemblyErrors (0ms)
				InitializePlatformSupportModulesInManaged (7ms)
				SetLoadedEditorAssemblies (0ms)
				RefreshPlugins (1ms)
				BeforeProcessingInitializeOnLoad (69ms)
				ProcessInitializeOnLoadAttributes (400ms)
				ProcessInitializeOnLoadMethodAttributes (12ms)
				AfterProcessingInitializeOnLoad (20ms)
				EditorAssembliesLoaded (0ms)
			ExecutionOrderSort2 (0ms)
			AwakeInstancesAfterBackupRestoration (21ms)
Platform modules already initialized, skipping
Refreshing native plugins compatible for Editor in 0.37 ms, found 3 plugins.
Preloading 0 native plugins for Editor in 0.00 ms.
Unloading 2082 Unused Serialized files (Serialized files now loaded: 0)
System memory in use before: 95.5 MB.
System memory in use after: 95.7 MB.

Unloading 16 unused Assets to reduce memory usage. Loaded Objects now: 2546.
Total: 4.625300 ms (FindLiveObjects: 0.154700 ms CreateObjectMapping: 0.091500 ms MarkObjects: 4.304500 ms  DeleteObjects: 0.073500 ms)

AssetImportParameters requested are different than current active one (requested -> active):
  custom:framework-win-MediaFoundation: 216162199b28c13a410421893ffa2e32 -> 
  custom:video-decoder-ogg-theora: a1e56fd34408186e4bbccfd4996cb3dc -> 
  custom:container-muxer-webm: aa71ff27fc2769a1b78a27578f13a17b -> 
  custom:container-demuxer-webm: 4f35f7cbe854078d1ac9338744f61a02 -> 
  custom:container-demuxer-ogg: 62fdf1f143b41e24485cea50d1cbac27 -> 
  custom:video-encoder-webm-vp8: eb34c28f22e8b96e1ab97ce403110664 -> 
  custom:video-decoder-webm-vp8: 9c59270c3fd7afecdb556c50c9e8de78 -> 
  custom:audio-decoder-ogg-vorbis: bf7c407c2cedff20999df2af8eb42d56 -> 
  custom:audio-encoder-webm-vorbis: bf7c407c2cedff20999df2af8eb42d56 -> 
========================================================================
Received Import Request.
  Time since last request: 318.606569 seconds.
  path: Assets/Sprites/Slide (8).png
  artifactKey: Guid(34e356c402856994b83f7bc623689a3a) Importer(815301076,1909f56bfc062723c751e8b465ee728b)
Start importing Assets/Sprites/Slide (8).png using Guid(34e356c402856994b83f7bc623689a3a) Importer(815301076,1909f56bfc062723c751e8b465ee728b)  -> (artifact id: '62e3bb6e4ff2341d6b5149219f36c583') in 0.102107 seconds 
  Import took 0.110387 seconds .

========================================================================
Received Import Request.
  Time since last request: 0.000593 seconds.
  path: Assets/Sprites/Walk (8).png
  artifactKey: Guid(38e8689f57dff8a44bf3c7bcf64ae47d) Importer(815301076,1909f56bfc062723c751e8b465ee728b)
Start importing Assets/Sprites/Walk (8).png using Guid(38e8689f57dff8a44bf3c7bcf64ae47d) Importer(815301076,1909f56bfc062723c751e8b465ee728b)  -> (artifact id: 'f7022da0cded66677bda0a675bda9a4d') in 0.050885 seconds 
  Import took 0.060636 seconds .

========================================================================
Received Import Request.
  Time since last request: 0.000632 seconds.
  path: Assets/Sprites/Slide (10).png
  artifactKey: Guid(5ef7f362caa67574d95525745b339b86) Importer(815301076,1909f56bfc062723c751e8b465ee728b)
Start importing Assets/Sprites/Slide (10).png using Guid(5ef7f362caa67574d95525745b339b86) Importer(815301076,1909f56bfc062723c751e8b465ee728b)  -> (artifact id: 'f5d7a52de9164d43f94606f876a66498') in 0.041892 seconds 
  Import took 0.051169 seconds .

========================================================================
Received Import Request.
  Time since last request: 0.000469 seconds.
  path: Assets/Sprites/Walk (2).png
  artifactKey: Guid(fea800c723af3d749a237815fdc5cefe) Importer(815301076,1909f56bfc062723c751e8b465ee728b)
Start importing Assets/Sprites/Walk (2).png using Guid(fea800c723af3d749a237815fdc5cefe) Importer(815301076,1909f56bfc062723c751e8b465ee728b)  -> (artifact id: 'fe5559be62aa55d2bf3ff116c033c38c') in 0.044313 seconds 
  Import took 0.052973 seconds .

========================================================================
Received Import Request.
  Time since last request: 0.000834 seconds.
  path: Assets/Sprites/Walk (3).png
  artifactKey: Guid(db5fc87cf1544ac42b2c89191a9c446e) Importer(815301076,1909f56bfc062723c751e8b465ee728b)
Start importing Assets/Sprites/Walk (3).png using Guid(db5fc87cf1544ac42b2c89191a9c446e) Importer(815301076,1909f56bfc062723c751e8b465ee728b)  -> (artifact id: 'c1ff4bc603984728e96b7038ec501e0e') in 0.040906 seconds 
  Import took 0.048242 seconds .

========================================================================
Received Import Request.
  Time since last request: 0.000672 seconds.
  path: Assets/Sprites/Walk (1).png
  artifactKey: Guid(6762d1de6bfff8140a4ff59dd2909975) Importer(815301076,1909f56bfc062723c751e8b465ee728b)
Start importing Assets/Sprites/Walk (1).png using Guid(6762d1de6bfff8140a4ff59dd2909975) Importer(815301076,1909f56bfc062723c751e8b465ee728b)  -> (artifact id: '1c2e6ba707debb51d1eafec3b87cfeca') in 0.043877 seconds 
  Import took 0.052835 seconds .

========================================================================
Received Import Request.
  Time since last request: 0.000654 seconds.
  path: Assets/Sprites/Walk (6).png
  artifactKey: Guid(03bba624a503e4a41937a334fe311fc5) Importer(815301076,1909f56bfc062723c751e8b465ee728b)
Start importing Assets/Sprites/Walk (6).png using Guid(03bba624a503e4a41937a334fe311fc5) Importer(815301076,1909f56bfc062723c751e8b465ee728b)  -> (artifact id: '49fe3e99182047acca9505cba9f35432') in 0.036593 seconds 
  Import took 0.043712 seconds .

========================================================================
Received Import Request.
  Time since last request: 0.000344 seconds.
  path: Assets/Sprites/Walk (5).png
  artifactKey: Guid(b18f1a827816b184ba57261c9784fbde) Importer(815301076,1909f56bfc062723c751e8b465ee728b)
Start importing Assets/Sprites/Walk (5).png using Guid(b18f1a827816b184ba57261c9784fbde) Importer(815301076,1909f56bfc062723c751e8b465ee728b)  -> (artifact id: 'd8b49c19e820c8b6924c099fab297d94') in 0.028292 seconds 
  Import took 0.033708 seconds .

========================================================================
Received Import Request.
  Time since last request: 0.000357 seconds.
  path: Assets/Sprites/Walk (7).png
  artifactKey: Guid(52a505cc9cfd97240886746151c6be83) Importer(815301076,1909f56bfc062723c751e8b465ee728b)
Start importing Assets/Sprites/Walk (7).png using Guid(52a505cc9cfd97240886746151c6be83) Importer(815301076,1909f56bfc062723c751e8b465ee728b)  -> (artifact id: '1638baf8ca67ab6cf7cc1ad21076032b') in 0.027106 seconds 
  Import took 0.030925 seconds .

========================================================================
Received Import Request.
  Time since last request: 0.000442 seconds.
  path: Assets/Sprites/Walk (4).png
  artifactKey: Guid(03d767e15c8ac1c43896d033793b1d33) Importer(815301076,1909f56bfc062723c751e8b465ee728b)
Start importing Assets/Sprites/Walk (4).png using Guid(03d767e15c8ac1c43896d033793b1d33) Importer(815301076,1909f56bfc062723c751e8b465ee728b)  -> (artifact id: 'db24d0f991657664f4a50516f452fcf1') in 0.027912 seconds 
  Import took 0.032997 seconds .

========================================================================
Received Import Request.
  Time since last request: 0.000642 seconds.
  path: Assets/Sprites/Walk (10).png
  artifactKey: Guid(bb42e5744c7b8104dbb5dc62752cc426) Importer(815301076,1909f56bfc062723c751e8b465ee728b)
Start importing Assets/Sprites/Walk (10).png using Guid(bb42e5744c7b8104dbb5dc62752cc426) Importer(815301076,1909f56bfc062723c751e8b465ee728b)  -> (artifact id: '0efbdd17947ff0c245b897651045e9a6') in 0.032728 seconds 
  Import took 0.036578 seconds .

========================================================================
Received Import Request.
  Time since last request: 0.000295 seconds.
  path: Assets/Sprites/Slide (9).png
  artifactKey: Guid(820a4fe80cb8c2b4ca33343c10b145cd) Importer(815301076,1909f56bfc062723c751e8b465ee728b)
Start importing Assets/Sprites/Slide (9).png using Guid(820a4fe80cb8c2b4ca33343c10b145cd) Importer(815301076,1909f56bfc062723c751e8b465ee728b)  -> (artifact id: 'df83ce88369e13da9aab464e3687ff64') in 0.028671 seconds 
  Import took 0.032764 seconds .

========================================================================
Received Import Request.
  Time since last request: 0.000371 seconds.
  path: Assets/Sprites/Walk (9).png
  artifactKey: Guid(602b6f69e7c85f9429f3fb4d58dce2c7) Importer(815301076,1909f56bfc062723c751e8b465ee728b)
Start importing Assets/Sprites/Walk (9).png using Guid(602b6f69e7c85f9429f3fb4d58dce2c7) Importer(815301076,1909f56bfc062723c751e8b465ee728b)  -> (artifact id: 'e10ac8e54ba4c999af421e8e0582b5f9') in 0.030899 seconds 
  Import took 0.035920 seconds .

========================================================================
Received Import Request.
  Time since last request: 364.532405 seconds.
  path: Assets/Animations/Idle (1).controller
  artifactKey: Guid(2c98703ac3a1fc64a8bc60f5a644aba1) Importer(815301076,1909f56bfc062723c751e8b465ee728b)
Start importing Assets/Animations/Idle (1).controller using Guid(2c98703ac3a1fc64a8bc60f5a644aba1) Importer(815301076,1909f56bfc062723c751e8b465ee728b)  -> (artifact id: '426f4e4a1b5275ba411d30f8c57bf184') in 0.012824 seconds 
  Import took 0.018670 seconds .

========================================================================
Received Import Request.
  Time since last request: 0.026509 seconds.
  path: Assets/Animations/Idle (1).controller
  artifactKey: Guid(2c98703ac3a1fc64a8bc60f5a644aba1) Importer(815301076,1909f56bfc062723c751e8b465ee728b)
Start importing Assets/Animations/Idle (1).controller using Guid(2c98703ac3a1fc64a8bc60f5a644aba1) Importer(815301076,1909f56bfc062723c751e8b465ee728b)  -> (artifact id: '426f4e4a1b5275ba411d30f8c57bf184') in 0.008748 seconds 
  Import took 0.016632 seconds .

========================================================================
Received Prepare
Registering precompiled user dll's ...
Registered in 0.004248 seconds.
Begin MonoManager ReloadAssembly
Native extension for WindowsStandalone target not found
Native extension for WebGL target not found
Refreshing native plugins compatible for Editor in 0.85 ms, found 3 plugins.
Preloading 0 native plugins for Editor in 0.00 ms.
Mono: successfully reloaded assembly
- Completed reload, in  1.203 seconds
Domain Reload Profiling:
	ReloadAssembly (1204ms)
		BeginReloadAssembly (131ms)
			ExecutionOrderSort (0ms)
			DisableScriptedObjects (7ms)
			BackupInstance (0ms)
			ReleaseScriptingObjects (0ms)
			CreateAndSetChildDomain (39ms)
		EndReloadAssembly (1013ms)
			LoadAssemblies (93ms)
			RebuildTransferFunctionScriptingTraits (0ms)
			SetupTypeCache (286ms)
			ReleaseScriptCaches (2ms)
			RebuildScriptCaches (52ms)
			SetupLoadedEditorAssemblies (414ms)
				LogAssemblyErrors (0ms)
				InitializePlatformSupportModulesInManaged (6ms)
				SetLoadedEditorAssemblies (1ms)
				RefreshPlugins (1ms)
				BeforeProcessingInitializeOnLoad (106ms)
				ProcessInitializeOnLoadAttributes (289ms)
				ProcessInitializeOnLoadMethodAttributes (5ms)
				AfterProcessingInitializeOnLoad (6ms)
				EditorAssembliesLoaded (0ms)
			ExecutionOrderSort2 (0ms)
			AwakeInstancesAfterBackupRestoration (12ms)
Platform modules already initialized, skipping
Refreshing native plugins compatible for Editor in 0.36 ms, found 3 plugins.
Preloading 0 native plugins for Editor in 0.00 ms.
Unloading 2082 Unused Serialized files (Serialized files now loaded: 0)
System memory in use before: 95.6 MB.
System memory in use after: 95.7 MB.

Unloading 16 unused Assets to reduce memory usage. Loaded Objects now: 2550.
Total: 4.020000 ms (FindLiveObjects: 0.319100 ms CreateObjectMapping: 0.074700 ms MarkObjects: 3.607000 ms  DeleteObjects: 0.018100 ms)

AssetImportParameters requested are different than current active one (requested -> active):
  custom:framework-win-MediaFoundation: 216162199b28c13a410421893ffa2e32 -> 
  custom:video-decoder-ogg-theora: a1e56fd34408186e4bbccfd4996cb3dc -> 
  custom:container-muxer-webm: aa71ff27fc2769a1b78a27578f13a17b -> 
  custom:container-demuxer-webm: 4f35f7cbe854078d1ac9338744f61a02 -> 
  custom:container-demuxer-ogg: 62fdf1f143b41e24485cea50d1cbac27 -> 
  custom:video-encoder-webm-vp8: eb34c28f22e8b96e1ab97ce403110664 -> 
  custom:video-decoder-webm-vp8: 9c59270c3fd7afecdb556c50c9e8de78 -> 
  custom:audio-decoder-ogg-vorbis: bf7c407c2cedff20999df2af8eb42d56 -> 
  custom:audio-encoder-webm-vorbis: bf7c407c2cedff20999df2af8eb42d56 -> 
========================================================================
Received Prepare
Registering precompiled user dll's ...
Registered in 0.005745 seconds.
Begin MonoManager ReloadAssembly
Native extension for WindowsStandalone target not found
Native extension for WebGL target not found
Refreshing native plugins compatible for Editor in 0.39 ms, found 3 plugins.
Preloading 0 native plugins for Editor in 0.00 ms.
Mono: successfully reloaded assembly
- Completed reload, in  1.149 seconds
Domain Reload Profiling:
	ReloadAssembly (1150ms)
		BeginReloadAssembly (124ms)
			ExecutionOrderSort (0ms)
			DisableScriptedObjects (9ms)
			BackupInstance (0ms)
			ReleaseScriptingObjects (0ms)
			CreateAndSetChildDomain (45ms)
		EndReloadAssembly (959ms)
			LoadAssemblies (87ms)
			RebuildTransferFunctionScriptingTraits (0ms)
			SetupTypeCache (354ms)
			ReleaseScriptCaches (1ms)
			RebuildScriptCaches (41ms)
			SetupLoadedEditorAssemblies (375ms)
				LogAssemblyErrors (0ms)
				InitializePlatformSupportModulesInManaged (6ms)
				SetLoadedEditorAssemblies (0ms)
				RefreshPlugins (0ms)
				BeforeProcessingInitializeOnLoad (58ms)
				ProcessInitializeOnLoadAttributes (294ms)
				ProcessInitializeOnLoadMethodAttributes (6ms)
				AfterProcessingInitializeOnLoad (10ms)
				EditorAssembliesLoaded (0ms)
			ExecutionOrderSort2 (0ms)
			AwakeInstancesAfterBackupRestoration (10ms)
Platform modules already initialized, skipping
Refreshing native plugins compatible for Editor in 0.50 ms, found 3 plugins.
Preloading 0 native plugins for Editor in 0.00 ms.
Unloading 2082 Unused Serialized files (Serialized files now loaded: 0)
System memory in use before: 95.6 MB.
System memory in use after: 95.7 MB.

Unloading 16 unused Assets to reduce memory usage. Loaded Objects now: 2553.
Total: 3.422000 ms (FindLiveObjects: 0.138200 ms CreateObjectMapping: 0.071200 ms MarkObjects: 3.194800 ms  DeleteObjects: 0.016700 ms)

AssetImportParameters requested are different than current active one (requested -> active):
  custom:framework-win-MediaFoundation: 216162199b28c13a410421893ffa2e32 -> 
  custom:video-decoder-ogg-theora: a1e56fd34408186e4bbccfd4996cb3dc -> 
  custom:container-muxer-webm: aa71ff27fc2769a1b78a27578f13a17b -> 
  custom:container-demuxer-webm: 4f35f7cbe854078d1ac9338744f61a02 -> 
  custom:container-demuxer-ogg: 62fdf1f143b41e24485cea50d1cbac27 -> 
  custom:video-encoder-webm-vp8: eb34c28f22e8b96e1ab97ce403110664 -> 
  custom:video-decoder-webm-vp8: 9c59270c3fd7afecdb556c50c9e8de78 -> 
  custom:audio-decoder-ogg-vorbis: bf7c407c2cedff20999df2af8eb42d56 -> 
  custom:audio-encoder-webm-vorbis: bf7c407c2cedff20999df2af8eb42d56 -> 
========================================================================
Received Import Request.
  Time since last request: 1032.531847 seconds.
  path: Assets/Scripts/Music.cs
  artifactKey: Guid(d80b93abfd0732349a93f8ba4e991566) Importer(815301076,1909f56bfc062723c751e8b465ee728b)
Start importing Assets/Scripts/Music.cs using Guid(d80b93abfd0732349a93f8ba4e991566) Importer(815301076,1909f56bfc062723c751e8b465ee728b)  -> (artifact id: '50dc3685cb0d0e36e305b1838e84cda0') in 0.101091 seconds 
  Import took 0.107496 seconds .

========================================================================
Received Prepare
Registering precompiled user dll's ...
Registered in 0.005196 seconds.
Begin MonoManager ReloadAssembly
Native extension for WindowsStandalone target not found
Native extension for WebGL target not found
Refreshing native plugins compatible for Editor in 0.68 ms, found 3 plugins.
Preloading 0 native plugins for Editor in 0.00 ms.
Mono: successfully reloaded assembly
- Completed reload, in  1.550 seconds
Domain Reload Profiling:
	ReloadAssembly (1550ms)
		BeginReloadAssembly (156ms)
			ExecutionOrderSort (0ms)
			DisableScriptedObjects (5ms)
			BackupInstance (0ms)
			ReleaseScriptingObjects (0ms)
			CreateAndSetChildDomain (35ms)
		EndReloadAssembly (1299ms)
			LoadAssemblies (146ms)
			RebuildTransferFunctionScriptingTraits (0ms)
			SetupTypeCache (362ms)
			ReleaseScriptCaches (2ms)
			RebuildScriptCaches (62ms)
			SetupLoadedEditorAssemblies (570ms)
				LogAssemblyErrors (0ms)
				InitializePlatformSupportModulesInManaged (11ms)
				SetLoadedEditorAssemblies (1ms)
				RefreshPlugins (1ms)
				BeforeProcessingInitializeOnLoad (94ms)
				ProcessInitializeOnLoadAttributes (448ms)
				ProcessInitializeOnLoadMethodAttributes (7ms)
				AfterProcessingInitializeOnLoad (9ms)
				EditorAssembliesLoaded (0ms)
			ExecutionOrderSort2 (0ms)
			AwakeInstancesAfterBackupRestoration (16ms)
Platform modules already initialized, skipping
Refreshing native plugins compatible for Editor in 0.44 ms, found 3 plugins.
Preloading 0 native plugins for Editor in 0.00 ms.
Unloading 2082 Unused Serialized files (Serialized files now loaded: 0)
System memory in use before: 95.6 MB.
System memory in use after: 95.7 MB.

Unloading 16 unused Assets to reduce memory usage. Loaded Objects now: 2556.
Total: 2.829100 ms (FindLiveObjects: 0.130500 ms CreateObjectMapping: 0.043500 ms MarkObjects: 2.632500 ms  DeleteObjects: 0.021500 ms)

AssetImportParameters requested are different than current active one (requested -> active):
  custom:framework-win-MediaFoundation: 216162199b28c13a410421893ffa2e32 -> 
  custom:video-decoder-ogg-theora: a1e56fd34408186e4bbccfd4996cb3dc -> 
  custom:container-muxer-webm: aa71ff27fc2769a1b78a27578f13a17b -> 
  custom:container-demuxer-webm: 4f35f7cbe854078d1ac9338744f61a02 -> 
  custom:container-demuxer-ogg: 62fdf1f143b41e24485cea50d1cbac27 -> 
  custom:video-encoder-webm-vp8: eb34c28f22e8b96e1ab97ce403110664 -> 
  custom:video-decoder-webm-vp8: 9c59270c3fd7afecdb556c50c9e8de78 -> 
  custom:audio-decoder-ogg-vorbis: bf7c407c2cedff20999df2af8eb42d56 -> 
  custom:audio-encoder-webm-vorbis: bf7c407c2cedff20999df2af8eb42d56 -> 
========================================================================
Received Prepare
Registering precompiled user dll's ...
Registered in 0.007172 seconds.
Begin MonoManager ReloadAssembly
Native extension for WindowsStandalone target not found
Native extension for WebGL target not found
Refreshing native plugins compatible for Editor in 0.69 ms, found 3 plugins.
Preloading 0 native plugins for Editor in 0.00 ms.
Mono: successfully reloaded assembly
- Completed reload, in  1.701 seconds
Domain Reload Profiling:
	ReloadAssembly (1702ms)
		BeginReloadAssembly (181ms)
			ExecutionOrderSort (0ms)
			DisableScriptedObjects (14ms)
			BackupInstance (0ms)
			ReleaseScriptingObjects (0ms)
			CreateAndSetChildDomain (53ms)
		EndReloadAssembly (1430ms)
			LoadAssemblies (156ms)
			RebuildTransferFunctionScriptingTraits (0ms)
			SetupTypeCache (451ms)
			ReleaseScriptCaches (2ms)
			RebuildScriptCaches (69ms)
			SetupLoadedEditorAssemblies (601ms)
				LogAssemblyErrors (0ms)
				InitializePlatformSupportModulesInManaged (9ms)
				SetLoadedEditorAssemblies (1ms)
				RefreshPlugins (1ms)
				BeforeProcessingInitializeOnLoad (102ms)
				ProcessInitializeOnLoadAttributes (467ms)
				ProcessInitializeOnLoadMethodAttributes (9ms)
				AfterProcessingInitializeOnLoad (13ms)
				EditorAssembliesLoaded (0ms)
			ExecutionOrderSort2 (0ms)
			AwakeInstancesAfterBackupRestoration (18ms)
Platform modules already initialized, skipping
Refreshing native plugins compatible for Editor in 0.60 ms, found 3 plugins.
Preloading 0 native plugins for Editor in 0.00 ms.
Unloading 2082 Unused Serialized files (Serialized files now loaded: 0)
System memory in use before: 95.6 MB.
System memory in use after: 95.7 MB.

Unloading 16 unused Assets to reduce memory usage. Loaded Objects now: 2559.
Total: 4.625200 ms (FindLiveObjects: 0.385300 ms CreateObjectMapping: 0.167800 ms MarkObjects: 4.047900 ms  DeleteObjects: 0.022500 ms)

AssetImportParameters requested are different than current active one (requested -> active):
  custom:framework-win-MediaFoundation: 216162199b28c13a410421893ffa2e32 -> 
  custom:video-decoder-ogg-theora: a1e56fd34408186e4bbccfd4996cb3dc -> 
  custom:container-muxer-webm: aa71ff27fc2769a1b78a27578f13a17b -> 
  custom:container-demuxer-webm: 4f35f7cbe854078d1ac9338744f61a02 -> 
  custom:container-demuxer-ogg: 62fdf1f143b41e24485cea50d1cbac27 -> 
  custom:video-encoder-webm-vp8: eb34c28f22e8b96e1ab97ce403110664 -> 
  custom:video-decoder-webm-vp8: 9c59270c3fd7afecdb556c50c9e8de78 -> 
  custom:audio-decoder-ogg-vorbis: bf7c407c2cedff20999df2af8eb42d56 -> 
  custom:audio-encoder-webm-vorbis: bf7c407c2cedff20999df2af8eb42d56 -> 
========================================================================
Received Prepare
Registering precompiled user dll's ...
Registered in 0.005037 seconds.
Begin MonoManager ReloadAssembly
Native extension for WindowsStandalone target not found
Native extension for WebGL target not found
Refreshing native plugins compatible for Editor in 0.47 ms, found 3 plugins.
Preloading 0 native plugins for Editor in 0.00 ms.
Mono: successfully reloaded assembly
- Completed reload, in  1.103 seconds
Domain Reload Profiling:
	ReloadAssembly (1104ms)
		BeginReloadAssembly (118ms)
			ExecutionOrderSort (0ms)
			DisableScriptedObjects (6ms)
			BackupInstance (0ms)
			ReleaseScriptingObjects (0ms)
			CreateAndSetChildDomain (35ms)
		EndReloadAssembly (918ms)
			LoadAssemblies (94ms)
			RebuildTransferFunctionScriptingTraits (0ms)
			SetupTypeCache (267ms)
			ReleaseScriptCaches (1ms)
			RebuildScriptCaches (42ms)
			SetupLoadedEditorAssemblies (420ms)
				LogAssemblyErrors (0ms)
				InitializePlatformSupportModulesInManaged (6ms)
				SetLoadedEditorAssemblies (0ms)
				RefreshPlugins (1ms)
				BeforeProcessingInitializeOnLoad (63ms)
				ProcessInitializeOnLoadAttributes (338ms)
				ProcessInitializeOnLoadMethodAttributes (4ms)
				AfterProcessingInitializeOnLoad (8ms)
				EditorAssembliesLoaded (0ms)
			ExecutionOrderSort2 (0ms)
			AwakeInstancesAfterBackupRestoration (10ms)
Platform modules already initialized, skipping
Refreshing native plugins compatible for Editor in 0.46 ms, found 3 plugins.
Preloading 0 native plugins for Editor in 0.00 ms.
Unloading 2082 Unused Serialized files (Serialized files now loaded: 0)
System memory in use before: 95.6 MB.
System memory in use after: 95.8 MB.

Unloading 16 unused Assets to reduce memory usage. Loaded Objects now: 2562.
Total: 3.228500 ms (FindLiveObjects: 0.148800 ms CreateObjectMapping: 0.059300 ms MarkObjects: 2.985400 ms  DeleteObjects: 0.034200 ms)

AssetImportParameters requested are different than current active one (requested -> active):
  custom:framework-win-MediaFoundation: 216162199b28c13a410421893ffa2e32 -> 
  custom:video-decoder-ogg-theora: a1e56fd34408186e4bbccfd4996cb3dc -> 
  custom:container-muxer-webm: aa71ff27fc2769a1b78a27578f13a17b -> 
  custom:container-demuxer-webm: 4f35f7cbe854078d1ac9338744f61a02 -> 
  custom:container-demuxer-ogg: 62fdf1f143b41e24485cea50d1cbac27 -> 
  custom:video-encoder-webm-vp8: eb34c28f22e8b96e1ab97ce403110664 -> 
  custom:video-decoder-webm-vp8: 9c59270c3fd7afecdb556c50c9e8de78 -> 
  custom:audio-decoder-ogg-vorbis: bf7c407c2cedff20999df2af8eb42d56 -> 
  custom:audio-encoder-webm-vorbis: bf7c407c2cedff20999df2af8eb42d56 -> 
========================================================================
Received Prepare
Refreshing native plugins compatible for Editor in 4.40 ms, found 3 plugins.
Preloading 0 native plugins for Editor in 0.00 ms.
Unloading 14 Unused Serialized files (Serialized files now loaded: 0)
System memory in use before: 54.8 MB.
System memory in use after: 54.9 MB.

Unloading 14 unused Assets to reduce memory usage. Loaded Objects now: 2562.
Total: 2.966500 ms (FindLiveObjects: 0.157800 ms CreateObjectMapping: 0.054700 ms MarkObjects: 2.734900 ms  DeleteObjects: 0.017500 ms)

AssetImportParameters requested are different than current active one (requested -> active):
  custom:framework-win-MediaFoundation: 216162199b28c13a410421893ffa2e32 -> 
  custom:video-decoder-ogg-theora: a1e56fd34408186e4bbccfd4996cb3dc -> 
  custom:container-muxer-webm: aa71ff27fc2769a1b78a27578f13a17b -> 
  custom:container-demuxer-webm: 4f35f7cbe854078d1ac9338744f61a02 -> 
  custom:container-demuxer-ogg: 62fdf1f143b41e24485cea50d1cbac27 -> 
  custom:video-encoder-webm-vp8: eb34c28f22e8b96e1ab97ce403110664 -> 
  custom:video-decoder-webm-vp8: 9c59270c3fd7afecdb556c50c9e8de78 -> 
  custom:audio-decoder-ogg-vorbis: bf7c407c2cedff20999df2af8eb42d56 -> 
  custom:audio-encoder-webm-vorbis: bf7c407c2cedff20999df2af8eb42d56 -> 
AssetImportWorkerClient::OnTransportError - code=2 error=End of file
